Removed Pin From Net: NetName=SD DATA 2 Pin=MOD2-1
Removed Pin From Net: NetName=SD_CS Pin=MOD2-2
Removed Pin From Net: NetName=SD_MOSI Pin=MOD2-3
Removed Pin From Net: NetName=3.3VDC_ISO Pin=MOD2-4
Removed Pin From Net: NetName=SD CLK Pin=MOD2-5
Removed Pin From Net: NetName=GND_ISO Pin=MOD2-6
Removed Pin From Net: NetName=SD_MISO Pin=MOD2-7
Removed Pin From Net: NetName=SD DAT1 Pin=MOD2-8
Removed Pin From Net: NetName=SD SW_DET Pin=MOD2-9
Removed Pin From Net: NetName=GND_ISO Pin=MOD2-10
Removed Pin From Net: NetName=SD MECH SUPPORT Pin=MOD2-11
Removed Pin From Net: NetName=NetU2_33 Pin=XTAL1-1
Removed Pin From Net: NetName=GND_ISO Pin=XTAL1-2
Removed Pin From Net: NetName=NetU2_32 Pin=XTAL1-3
Removed Pin From Net: NetName=GND_ISO Pin=XTAL1-4
Change Component DesignItemId : Designator=MOD2 Old DesignItemId=Mod,SD Card breakout, Vertical New DesignItemId=Mod,SD and USB breakout, Vertical
Change Component DesignItemId : Designator=R3 Old DesignItemId=Res,0805,1.00 kO,5%,200ppm,CRCW08051K00JNEA New DesignItemId=Res,0805,1.00 kO,5%,200ppm,CRCW08051K00JNEA
Change Component DesignItemId : Designator=R4 Old DesignItemId=Res,0805,1.00 kO,5%,200ppm,CRCW08051K00JNEA New DesignItemId=Res,0805,1.00 kO,5%,200ppm,CRCW08051K00JNEA
Change Component DesignItemId : Designator=R7 Old DesignItemId=Res,0805,1.00 kO,5%,200ppm,CRCW08051K00JNEA New DesignItemId=Res,0805,1.00 kO,5%,200ppm,CRCW08051K00JNEA
Change Component DesignItemId : Designator=R8 Old DesignItemId=Res,0805,1.00 kO,5%,200ppm,CRCW08051K00JNEA New DesignItemId=Res,0805,1.00 kO,5%,200ppm,CRCW08051K00JNEA
Change Component DesignItemId : Designator=R9 Old DesignItemId=Res,0805,1.00 kO,5%,200ppm,CRCW08051K00JNEA New DesignItemId=Res,0805,1.00 kO,5%,200ppm,CRCW08051K00JNEA
Change Component DesignItemId : Designator=R10 Old DesignItemId=Res,0805,1.00 kO,5%,200ppm,CRCW08051K00JNEA New DesignItemId=Res,0805,1.00 kO,5%,200ppm,CRCW08051K00JNEA
Change Component DesignItemId : Designator=R20 Old DesignItemId=Res,0805,2.2KO,±1%,100.0 ppm/°C,150.0 V,CRCW08052K20FKEA New DesignItemId=Res,0805,2.2KO,±1%,100.0 ppm/°C,150.0 V,CRCW08052K20FKEA
Change Component DesignItemId : Designator=R21 Old DesignItemId=Res,0805,2.2KO,±1%,100.0 ppm/°C,150.0 V,CRCW08052K20FKEA New DesignItemId=Res,0805,2.2KO,±1%,100.0 ppm/°C,150.0 V,CRCW08052K20FKEA
Change Component DesignItemId : Designator=R1 Old DesignItemId=Res,0805,10.0kO,1%,100 ppm,CRCW080510K0FKTA New DesignItemId=Res,0805,10.0kO,1%,100 ppm,CRCW080510K0FKTA
Change Component DesignItemId : Designator=R2 Old DesignItemId=Res,0805,10.0kO,1%,100 ppm,CRCW080510K0FKTA New DesignItemId=Res,0805,10.0kO,1%,100 ppm,CRCW080510K0FKTA
Change Component DesignItemId : Designator=R5 Old DesignItemId=Res,0805,10.0kO,1%,100 ppm,CRCW080510K0FKTA New DesignItemId=Res,0805,10.0kO,1%,100 ppm,CRCW080510K0FKTA
Change Component DesignItemId : Designator=R6 Old DesignItemId=Res,0805,10.0kO,1%,100 ppm,CRCW080510K0FKTA New DesignItemId=Res,0805,10.0kO,1%,100 ppm,CRCW080510K0FKTA
Change Component DesignItemId : Designator=R25 Old DesignItemId=Res,0805,10.0kO,1%,100 ppm,CRCW080510K0FKTA New DesignItemId=Res,0805,10.0kO,1%,100 ppm,CRCW080510K0FKTA
Change Component DesignItemId : Designator=R26 Old DesignItemId=Res,0805,10.0kO,1%,100 ppm,CRCW080510K0FKTA New DesignItemId=Res,0805,10.0kO,1%,100 ppm,CRCW080510K0FKTA
Change Component DesignItemId : Designator=R16 Old DesignItemId=Res,0805,33O,±5%,200ppm,CR0805-JW-330ELF New DesignItemId=Res,0805,33O,±5%,200ppm,CR0805-JW-330ELF
Change Component DesignItemId : Designator=R17 Old DesignItemId=Res,0805,33O,±5%,200ppm,CR0805-JW-330ELF New DesignItemId=Res,0805,33O,±5%,200ppm,CR0805-JW-330ELF
Change Component DesignItemId : Designator=R23 Old DesignItemId=Res,0805,100kO,1%,100ppm,CRCW0805100KFKEA New DesignItemId=Res,0805,100kO,1%,100ppm,CRCW0805100KFKEA
Change Component DesignItemId : Designator=R15 Old DesignItemId=res,0805,470O,5%,200ppm,CR0805-JW-471ELF New DesignItemId=res,0805,470O,5%,200ppm,CR0805-JW-471ELF
Change Component Footprint: Designator=MOD2 Old Footprint=Mod, SD Card Connector Breakout New Footprint=Mod, SD and USB Connector Breakout - duplicate
Change Component Library : Designator=XTAL1 Old Library=Master SEPT2019.SchLib New Library=Master JULY2019.SchLib
Added Pin To Net: NetName=GND_ISO Pin=MOD2-1
Added Pin To Net: NetName=DIFFPAIR_BOOTSUSB_P Pin=MOD2-2
Added Pin To Net: NetName=DIFFPAIR_BOOTSUSB_N Pin=MOD2-3
Added Pin To Net: NetName=BOOTS_PTA6 Pin=MOD2-4
Added Pin To Net: NetName=SD DATA 2 Pin=MOD2-7
Added Pin To Net: NetName=SD_CS Pin=MOD2-8
Added Pin To Net: NetName=SD_MOSI Pin=MOD2-9
Added Pin To Net: NetName=3.3VDC_ISO Pin=MOD2-10
Added Pin To Net: NetName=SD CLK Pin=MOD2-11
Added Pin To Net: NetName=GND_ISO Pin=MOD2-12
Added Pin To Net: NetName=SD_MISO Pin=MOD2-13
Added Pin To Net: NetName=SD DAT1 Pin=MOD2-14
Added Pin To Net: NetName=SD SW_DET Pin=MOD2-15
Added Pin To Net: NetName=GND_ISO Pin=MOD2-16
Added Pin To Net: NetName=SD MECH SUPPORT Pin=MOD2-17
Added Pin To Net: NetName=NetU2_32 Pin=XTAL1-1
Added Pin To Net: NetName=NetU2_33 Pin=XTAL1-3
