Removed Pin From Net: NetName=GND_LD1 Pin=J1-1
Removed Pin From Net: NetName=SDA_LD1 Pin=J1-2
Removed Pin From Net: NetName=SCL_LD1 Pin=J1-3
Removed Pin From Net: NetName=3.3VDC_LD1 Pin=J1-4
Removed Pin From Net: NetName=GND_LD2 Pin=J2-1
Removed Pin From Net: NetName=SDA_LD2 Pin=J2-2
Removed Pin From Net: NetName=SCL_LD2 Pin=J2-3
Removed Pin From Net: NetName=3.3VDC_LD2 Pin=J2-4
Removed Pin From Net: NetName=GND_ISO Pin=J3-1
Removed Pin From Net: NetName=12VDC_ISO Pin=J3-2
Removed Pin From Net: NetName=GND_ISO Pin=J4-1
Removed Pin From Net: NetName=5VDC_ISO Pin=J4-2
Removed Pin From Net: NetName=DISPLAY RX Pin=J4-3
Removed Pin From Net: NetName=DISPLAY TX Pin=J4-4
Removed Pin From Net: NetName=5VDC_ISO Pin=J5-1
Change Component DesignItemId : Designator=R3 Old DesignItemId=Res,0805,1.00 kO,5%,200ppm,CRCW08051K00JNEA New DesignItemId=Res,0805,1.00 kO,5%,200ppm,CRCW08051K00JNEA
Change Component DesignItemId : Designator=R4 Old DesignItemId=Res,0805,1.00 kO,5%,200ppm,CRCW08051K00JNEA New DesignItemId=Res,0805,1.00 kO,5%,200ppm,CRCW08051K00JNEA
Change Component DesignItemId : Designator=R7 Old DesignItemId=Res,0805,1.00 kO,5%,200ppm,CRCW08051K00JNEA New DesignItemId=Res,0805,1.00 kO,5%,200ppm,CRCW08051K00JNEA
Change Component DesignItemId : Designator=R8 Old DesignItemId=Res,0805,1.00 kO,5%,200ppm,CRCW08051K00JNEA New DesignItemId=Res,0805,1.00 kO,5%,200ppm,CRCW08051K00JNEA
Change Component DesignItemId : Designator=R9 Old DesignItemId=Res,0805,1.00 kO,5%,200ppm,CRCW08051K00JNEA New DesignItemId=Res,0805,1.00 kO,5%,200ppm,CRCW08051K00JNEA
Change Component DesignItemId : Designator=R10 Old DesignItemId=Res,0805,1.00 kO,5%,200ppm,CRCW08051K00JNEA New DesignItemId=Res,0805,1.00 kO,5%,200ppm,CRCW08051K00JNEA
Change Component DesignItemId : Designator=R11 Old DesignItemId=Res,0805,1.00 kO,5%,200ppm,CRCW08051K00JNEA New DesignItemId=Res,0805,1.00 kO,5%,200ppm,CRCW08051K00JNEA
Change Component DesignItemId : Designator=R20 Old DesignItemId=Res,0805,2.2KO,±1%,100.0 ppm/°C,150.0 V,CRCW08052K20FKEA New DesignItemId=Res,0805,2.2KO,±1%,100.0 ppm/°C,150.0 V,CRCW08052K20FKEA
Change Component DesignItemId : Designator=R21 Old DesignItemId=Res,0805,2.2KO,±1%,100.0 ppm/°C,150.0 V,CRCW08052K20FKEA New DesignItemId=Res,0805,2.2KO,±1%,100.0 ppm/°C,150.0 V,CRCW08052K20FKEA
Change Component DesignItemId : Designator=R1 Old DesignItemId=Res,0805,10.0kO,1%,100 ppm,CRCW080510K0FKTA New DesignItemId=Res,0805,10.0kO,1%,100 ppm,CRCW080510K0FKTA
Change Component DesignItemId : Designator=R2 Old DesignItemId=Res,0805,10.0kO,1%,100 ppm,CRCW080510K0FKTA New DesignItemId=Res,0805,10.0kO,1%,100 ppm,CRCW080510K0FKTA
Change Component DesignItemId : Designator=R5 Old DesignItemId=Res,0805,10.0kO,1%,100 ppm,CRCW080510K0FKTA New DesignItemId=Res,0805,10.0kO,1%,100 ppm,CRCW080510K0FKTA
Change Component DesignItemId : Designator=R6 Old DesignItemId=Res,0805,10.0kO,1%,100 ppm,CRCW080510K0FKTA New DesignItemId=Res,0805,10.0kO,1%,100 ppm,CRCW080510K0FKTA
Change Component DesignItemId : Designator=R25 Old DesignItemId=Res,0805,10.0kO,1%,100 ppm,CRCW080510K0FKTA New DesignItemId=Res,0805,10.0kO,1%,100 ppm,CRCW080510K0FKTA
Change Component DesignItemId : Designator=R26 Old DesignItemId=Res,0805,10.0kO,1%,100 ppm,CRCW080510K0FKTA New DesignItemId=Res,0805,10.0kO,1%,100 ppm,CRCW080510K0FKTA
Change Component DesignItemId : Designator=R16 Old DesignItemId=Res,0805,33O,±5%,200ppm,CR0805-JW-330ELF New DesignItemId=Res,0805,33O,±5%,200ppm,CR0805-JW-330ELF
Change Component DesignItemId : Designator=R17 Old DesignItemId=Res,0805,33O,±5%,200ppm,CR0805-JW-330ELF New DesignItemId=Res,0805,33O,±5%,200ppm,CR0805-JW-330ELF
Change Component DesignItemId : Designator=R23 Old DesignItemId=Res,0805,100kO,1%,100ppm,CRCW0805100KFKEA New DesignItemId=Res,0805,100kO,1%,100ppm,CRCW0805100KFKEA
Change Component DesignItemId : Designator=R15 Old DesignItemId=res,0805,470O,5%,200ppm,CR0805-JW-471ELF New DesignItemId=res,0805,470O,5%,200ppm,CR0805-JW-471ELF
Added Pin To Net: NetName=3.3VDC_LD1 Pin=J1-1
Added Pin To Net: NetName=SCL_LD1 Pin=J1-2
Added Pin To Net: NetName=SDA_LD1 Pin=J1-3
Added Pin To Net: NetName=GND_LD1 Pin=J1-4
Added Pin To Net: NetName=3.3VDC_LD2 Pin=J2-1
Added Pin To Net: NetName=SCL_LD2 Pin=J2-2
Added Pin To Net: NetName=SDA_LD2 Pin=J2-3
Added Pin To Net: NetName=GND_LD2 Pin=J2-4
Added Pin To Net: NetName=12VDC_ISO Pin=J3-1
Added Pin To Net: NetName=GND_ISO Pin=J3-2
Added Pin To Net: NetName=DISPLAY TX Pin=J4-1
Added Pin To Net: NetName=5VDC_ISO Pin=J4-3
Added Pin To Net: NetName=GND_ISO Pin=J4-4
Added Pin To Net: NetName=5VDC_ISO Pin=J5-2
Added Pin To Net: NetName=NetJ5_1 Pin=J5-1
Added Pin To Net: NetName=NetJ5_1 Pin=Q2-3
Added Net: Name=NetJ5_1
